                    :DDRA   EQU   $1001
                    :
                    :    ORG $8000
                    :
4: 8000 01          :    NOP
                    :
6: 8001 89F0        :    ADCA #$F0
7: 8003 89DDAA      :    ADCA #$DDAA
                    :
9: 8006 A645        :    LDAA $45,X
10: 8008 B71001     :    STAA  DDRA
                    :
12: 800B 18DEAB     :    LDY $AB
13: 800E A645       :    LDAA $45,X
                    :
                    :CICLO
16: 8010 18DEAB     :    LDY $AB
                    :
18: 8013 27FE       :    BEQ CICLO
                    :
20: 8015 B6457C     :    LDAA  $457C   *Buenas
                    :
                    :*Buenas 
                    :
                    :    END